============================= test session starts =============================
platform win32 -- Python 3.12.6, pytest-7.4.3, pluggy-1.6.0 -- C:\Program Files\Python312\python.exe
django: version: 6.0.4, settings: erp_core.settings (from ini)
metadata: {'Python': '3.12.6', 'Platform': 'Windows-11-10.0.26200-SP0', 'Packages': {'pytest': '7.4.3', 'pluggy': '1.6.0'}, 'Plugins': {'anyio': '4.12.1', 'dash': '4.0.0', 'django-constance': '4.3.5', 'Faker': '20.1.0', 'langsmith': '0.7.7', 'cov': '4.1.0', 'django': '4.7.0', 'html': '4.2.0', 'metadata': '3.1.1', 'mock': '3.12.0', 'xdist': '3.8.0', 'web3': '6.11.1'}, 'JAVA_HOME': 'C:\\Program Files\\Android\\Android Studio\\jbr'}
rootdir: D:\Code Cortex\03_Projects\Current\8_ERP-V2-clean\backend
configfile: pytest.ini
plugins: anyio-4.12.1, dash-4.0.0, django-constance-4.3.5, Faker-20.1.0, langsmith-0.7.7, cov-4.1.0, django-4.7.0, html-4.2.0, metadata-3.1.1, mock-3.12.0, xdist-3.8.0, web3-6.11.1
collecting ... collected 2 items

tests/integration/test_api_integration.py::test_live_health_endpoint FAILED [ 50%]

================================== FAILURES ===================================
__________________________ test_live_health_endpoint __________________________
tests\integration\test_api_integration.py:13: in test_live_health_endpoint
    assert response.status_code == status.HTTP_200_OK
E   assert 401 == 200
E    +  where 401 = <Response status_code=401, "application/json">.status_code
E    +  and   200 = status.HTTP_200_OK
---------------------------- Captured stdout setup ----------------------------
Operations to perform:
  Synchronize unmigrated apps: channels, core_backup, corsheaders, daphne, django_filters, drf_spectacular, messages, rest_framework, rest_framework_simplejwt, staticfiles, storages
  Apply all migrations: admin, analytics, audit, auth, contenttypes, core_accounts, core_db, core_features, core_storage, core_tenants, education_academics, education_admissions, education_attendance, education_communication, education_exams, education_finance, education_students, rbac_models, sessions, user_notifications
Running pre-migrate handlers for application admin
Running pre-migrate handlers for application auth
Running pre-migrate handlers for application contenttypes
Running pre-migrate handlers for application sessions
Running pre-migrate handlers for application rest_framework_simplejwt
Running pre-migrate handlers for application core_accounts
Running pre-migrate handlers for application user_notifications
Running pre-migrate handlers for application rbac_models
Running pre-migrate handlers for application audit
Running pre-migrate handlers for application core_backup
Running pre-migrate handlers for application core_db
Running pre-migrate handlers for application core_storage
Running pre-migrate handlers for application core_tenants
Running pre-migrate handlers for application core_features
Running pre-migrate handlers for application education_academics
Running pre-migrate handlers for application education_students
Running pre-migrate handlers for application education_attendance
Running pre-migrate handlers for application education_exams
Running pre-migrate handlers for application education_finance
Running pre-migrate handlers for application education_admissions
Running pre-migrate handlers for application education_communication
Running pre-migrate handlers for application analytics
Synchronizing apps without migrations:
  Creating tables...
    Creating table core_backup_backuplog
    Creating table core_backup_backuprestorelog
    Creating table core_backup_disasterrecoveryplan
    Running deferred SQL...
Running migrations:
  Applying contenttypes.0001_initial... OK (0.032s)
  Applying contenttypes.0002_remove_content_type_name... OK (0.000s)
  Applying auth.0001_initial... OK (0.046s)
  Applying auth.0002_alter_permission_name_max_length... OK (0.016s)
  Applying auth.0003_alter_user_email_max_length... OK (0.016s)
  Applying auth.0004_alter_user_username_opts... OK (0.000s)
  Applying auth.0005_alter_user_last_login_null... OK (0.000s)
  Applying auth.0006_require_contenttypes_0002... OK (0.000s)
  Applying auth.0007_alter_validators_add_error_messages... OK (0.000s)
  Applying auth.0008_alter_user_username_max_length... OK (0.015s)
  Applying auth.0009_alter_user_last_name_max_length... OK (0.016s)
  Applying auth.0010_alter_group_name_max_length... OK (0.000s)
  Applying auth.0011_update_proxy_permissions... OK (0.031s)
  Applying auth.0012_alter_user_first_name_max_length... OK (0.000s)
  Applying core_accounts.0001_initial... OK (0.250s)
  Applying admin.0001_initial... OK (0.031s)
  Applying admin.0002_logentry_remove_auto_add... OK (0.016s)
  Applying admin.0003_logentry_add_action_flag_choices... OK (0.016s)
  Applying education_academics.0001_initial... OK (0.062s)
  Applying education_students.0001_initial... OK (0.016s)
  Applying education_students.0002_student_profile_picture... OK (0.015s)
  Applying analytics.0001_initial... OK (0.188s)
  Applying audit.0001_initial... OK (0.031s)
  Applying audit.0002_db_scalability... OK (0.063s)
  Applying education_academics.0002_assessmenttype_classroom_gradescale_syllabustopic_and_more... OK (0.515s)
  Applying rbac_models.0001_initial... OK (0.016s)
  Applying core_accounts.0002_user_firebase_uid_tenant_school_and_more... OK (0.187s)
  Applying core_accounts.0003_parentprofile_teacherprofile... OK (0.172s)
  Applying core_accounts.0004_auditlog... OK (0.016s)
  Applying core_db.0001_db_scalability... OK (0.062s)
  Applying user_notifications.0001_initial... OK (0.063s)
  Applying user_notifications.0002_db_scalability... OK (0.109s)
  Applying core_tenants.0001_add_tenant_nullable... OK (0.110s)
  Applying user_notifications.0003_add_tenant_nullable... OK (0.078s)
  Applying education_academics.0003_teacherdailyavailability... OK (0.078s)
  Applying education_academics.0004_teacherattendance... OK (0.078s)
  Applying education_students.0003_db_scalability... OK (0.172s)
  Applying education_students.0004_add_tenant_nullable... OK (0.344s)
  Applying education_finance.0001_initial... OK (0.234s)
  Applying education_finance.0002_installmentplan_invoice_discount_amount_and_more... OK (0.703s)
  Applying education_finance.0003_rename_new_value_transactionlog_new_values_and_more... OK (0.063s)
  Applying education_finance.0004_db_scalability... OK (0.484s)
  Applying education_finance.0005_add_tenant_nullable... OK (0.078s)
  Applying education_exams.0001_initial... OK (0.188s)
  Applying education_exams.0002_add_tenant_nullable... OK (0.172s)
  Applying education_attendance.0001_initial... OK (0.093s)
  Applying education_attendance.0002_db_scalability... OK (0.172s)
  Applying education_attendance.0003_add_tenant_nullable... OK (0.156s)
  Applying education_academics.0005_add_tenant_nullable... OK (0.266s)
  Applying core_tenants.0002_backfill_default_tenant... OK (0.359s)
  Applying core_features.0001_initial... OK (0.313s)
  Applying core_features.0002_enable_advanced_analytics... OK (0.094s)
  Applying core_features.0003_enable_online_payments... OK (0.156s)
  Applying core_features.0004_rename_core_featur_name_6e0f0d_idx_core_featur_name_382d66_idx_and_more... OK (0.047s)
  Applying core_storage.0001_initial... OK (0.109s)
  Applying education_admissions.0001_initial... OK (0.110s)
  Applying education_attendance.0004_attendance_holiday_status... OK (0.031s)
  Applying education_attendance.0005_attendancerecord_marked_by... OK (0.078s)
  Applying education_communication.0001_initial... OK (0.172s)
  Applying education_communication.0002_remove_whatsappconfig_api_key_and_more... OK (0.187s)
  Applying education_finance.0006_add_online_payment_models... OK (0.344s)
  Applying education_finance.0007_alter_invoice_invoice_number... OK (0.031s)
  Applying education_finance.0008_financesettings_remove_invoice_tenant... OK (0.125s)
  Applying sessions.0001_initial... OK (0.016s)
Running post-migrate handlers for application admin
Adding content type 'admin | logentry'
Adding permission 'Permission object (1)'
Adding permission 'Permission object (2)'
Adding permission 'Permission object (3)'
Adding permission 'Permission object (4)'
Running post-migrate handlers for application auth
Adding content type 'auth | group'
Adding content type 'auth | permission'
Adding permission 'Permission object (5)'
Adding permission 'Permission object (6)'
Adding permission 'Permission object (7)'
Adding permission 'Permission object (8)'
Adding permission 'Permission object (9)'
Adding permission 'Permission object (10)'
Adding permission 'Permission object (11)'
Adding permission 'Permission object (12)'
Running post-migrate handlers for application contenttypes
Adding content type 'contenttypes | contenttype'
Adding permission 'Permission object (13)'
Adding permission 'Permission object (14)'
Adding permission 'Permission object (15)'
Adding permission 'Permission object (16)'
Running post-migrate handlers for application sessions
Adding content type 'sessions | session'
Adding permission 'Permission object (17)'
Adding permission 'Permission object (18)'
Adding permission 'Permission object (19)'
Adding permission 'Permission object (20)'
Running post-migrate handlers for application rest_framework_simplejwt
Running post-migrate handlers for application core_accounts
Adding content type 'core_accounts | accountdeletionrequest'
Adding content type 'core_accounts | auditlog'
Adding content type 'core_accounts | dataexport'
Adding content type 'core_accounts | organizationmembership'
Adding content type 'core_accounts | parentprofile'
Adding content type 'core_accounts | school'
Adding content type 'core_accounts | teacherprofile'
Adding content type 'core_accounts | tenant'
Adding content type 'core_accounts | user'
Adding content type 'core_accounts | useractivity'
Adding content type 'core_accounts | userconsent'
Adding content type 'core_accounts | usernote'
Adding content type 'core_accounts | userprofile'
Adding permission 'Permission object (21)'
Adding permission 'Permission object (22)'
Adding permission 'Permission object (23)'
Adding permission 'Permission object (24)'
Adding permission 'Permission object (25)'
Adding permission 'Permission object (26)'
Adding permission 'Permission object (27)'
Adding permission 'Permission object (28)'
Adding permission 'Permission object (29)'
Adding permission 'Permission object (30)'
Adding permission 'Permission object (31)'
Adding permission 'Permission object (32)'
Adding permission 'Permission object (33)'
Adding permission 'Permission object (34)'
Adding permission 'Permission object (35)'
Adding permission 'Permission object (36)'
Adding permission 'Permission object (37)'
Adding permission 'Permission object (38)'
Adding permission 'Permission object (39)'
Adding permission 'Permission object (40)'
Adding permission 'Permission object (41)'
Adding permission 'Permission object (42)'
Adding permission 'Permission object (43)'
Adding permission 'Permission object (44)'
Adding permission 'Permission object (45)'
Adding permission 'Permission object (46)'
Adding permission 'Permission object (47)'
Adding permission 'Permission object (48)'
Adding permission 'Permission object (49)'
Adding permission 'Permission object (50)'
Adding permission 'Permission object (51)'
Adding permission 'Permission object (52)'
Adding permission 'Permission object (53)'
Adding permission 'Permission object (54)'
Adding permission 'Permission object (55)'
Adding permission 'Permission object (56)'
Adding permission 'Permission object (57)'
Adding permission 'Permission object (58)'
Adding permission 'Permission object (59)'
Adding permission 'Permission object (60)'
Adding permission 'Permission object (61)'
Adding permission 'Permission object (62)'
Adding permission 'Permission object (63)'
Adding permission 'Permission object (64)'
Adding permission 'Permission object (65)'
Adding permission 'Permission object (66)'
Adding permission 'Permission object (67)'
Adding permission 'Permission object (68)'
Adding permission 'Permission object (69)'
Adding permission 'Permission object (70)'
Adding permission 'Permission object (71)'
Adding permission 'Permission object (72)'
Running post-migrate handlers for application user_notifications
Adding content type 'user_notifications | notification'
Adding permission 'Permission object (73)'
Adding permission 'Permission object (74)'
Adding permission 'Permission object (75)'
Adding permission 'Permission object (76)'
Running post-migrate handlers for application rbac_models
Adding content type 'rbac_models | role'
Adding permission 'Permission object (77)'
Adding permission 'Permission object (78)'
Adding permission 'Permission object (79)'
Adding permission 'Permission object (80)'
Running post-migrate handlers for application audit
Adding content type 'audit | auditlog'
Adding permission 'Permission object (81)'
Adding permission 'Permission object (82)'
Adding permission 'Permission object (83)'
Adding permission 'Permission object (84)'
Running post-migrate handlers for application core_backup
Adding content type 'core_backup | backuplog'
Adding content type 'core_backup | backuprestorelog'
Adding content type 'core_backup | disasterrecoveryplan'
Adding permission 'Permission object (85)'
Adding permission 'Permission object (86)'
Adding permission 'Permission object (87)'
Adding permission 'Permission object (88)'
Adding permission 'Permission object (89)'
Adding permission 'Permission object (90)'
Adding permission 'Permission object (91)'
Adding permission 'Permission object (92)'
Adding permission 'Permission object (93)'
Adding permission 'Permission object (94)'
Adding permission 'Permission object (95)'
Adding permission 'Permission object (96)'
Running post-migrate handlers for application core_db
Adding content type 'core_db | attendancerecordarchive'
Adding content type 'core_db | auditlogarchive'
Adding content type 'core_db | invoicearchive'
Adding content type 'core_db | notificationarchive'
Adding permission 'Permission object (97)'
Adding permission 'Permission object (98)'
Adding permission 'Permission object (99)'
Adding permission 'Permission object (100)'
Adding permission 'Permission object (101)'
Adding permission 'Permission object (102)'
Adding permission 'Permission object (103)'
Adding permission 'Permission object (104)'
Adding permission 'Permission object (105)'
Adding permission 'Permission object (106)'
Adding permission 'Permission object (107)'
Adding permission 'Permission object (108)'
Adding permission 'Permission object (109)'
Adding permission 'Permission object (110)'
Adding permission 'Permission object (111)'
Adding permission 'Permission object (112)'
Running post-migrate handlers for application core_storage
Adding content type 'core_storage | storedfile'
Adding permission 'Permission object (113)'
Adding permission 'Permission object (114)'
Adding permission 'Permission object (115)'
Adding permission 'Permission object (116)'
Running post-migrate handlers for application core_tenants
Adding content type 'core_tenants | school'
Adding content type 'core_tenants | tenantmembership'
Adding permission 'Permission object (117)'
Adding permission 'Permission object (118)'
Adding permission 'Permission object (119)'
Adding permission 'Permission object (120)'
Adding permission 'Permission object (121)'
Adding permission 'Permission object (122)'
Adding permission 'Permission object (123)'
Adding permission 'Permission object (124)'
Running post-migrate handlers for application core_features
Adding content type 'core_features | featureflag'
Adding permission 'Permission object (125)'
Adding permission 'Permission object (126)'
Adding permission 'Permission object (127)'
Adding permission 'Permission object (128)'
Running post-migrate handlers for application education_academics
Adding content type 'education_academics | academicyear'
Adding content type 'education_academics | assessmenttype'
Adding content type 'education_academics | assessmentweightage'
Adding content type 'education_academics | classroom'
Adding content type 'education_academics | classsubject'
Adding content type 'education_academics | gradescale'
Adding content type 'education_academics | learningresource'
Adding content type 'education_academics | lessonplan'
Adding content type 'education_academics | period'
Adding content type 'education_academics | schoolclass'
Adding content type 'education_academics | section'
Adding content type 'education_academics | studenttopicprogress'
Adding content type 'education_academics | subject'
Adding content type 'education_academics | syllabus'
Adding content type 'education_academics | syllabussubtopic'
Adding content type 'education_academics | syllabustopic'
Adding content type 'education_academics | syllabusunit'
Adding content type 'education_academics | teacher'
Adding content type 'education_academics | teacherattendance'
Adding content type 'education_academics | teacheravailability'
Adding content type 'education_academics | teacherdailyavailability'
Adding content type 'education_academics | teacherfeedback'
Adding content type 'education_academics | teachersubjectassignment'
Adding content type 'education_academics | timetableentry'
Adding content type 'education_academics | topiccoverage'
Adding permission 'Permission object (129)'
Adding permission 'Permission object (130)'
Adding permission 'Permission object (131)'
Adding permission 'Permission object (132)'
Adding permission 'Permission object (133)'
Adding permission 'Permission object (134)'
Adding permission 'Permission object (135)'
Adding permission 'Permission object (136)'
Adding permission 'Permission object (137)'
Adding permission 'Permission object (138)'
Adding permission 'Permission object (139)'
Adding permission 'Permission object (140)'
Adding permission 'Permission object (141)'
Adding permission 'Permission object (142)'
Adding permission 'Permission object (143)'
Adding permission 'Permission object (144)'
Adding permission 'Permission object (145)'
Adding permission 'Permission object (146)'
Adding permission 'Permission object (147)'
Adding permission 'Permission object (148)'
Adding permission 'Permission object (149)'
Adding permission 'Permission object (150)'
Adding permission 'Permission object (151)'
Adding permission 'Permission object (152)'
Adding permission 'Permission object (153)'
Adding permission 'Permission object (154)'
Adding permission 'Permission object (155)'
Adding permission 'Permission object (156)'
Adding permission 'Permission object (157)'
Adding permission 'Permission object (158)'
Adding permission 'Permission object (159)'
Adding permission 'Permission object (160)'
Adding permission 'Permission object (161)'
Adding permission 'Permission object (162)'
Adding permission 'Permission object (163)'
Adding permission 'Permission object (164)'
Adding permission 'Permission object (165)'
Adding permission 'Permission object (166)'
Adding permission 'Permission object (167)'
Adding permission 'Permission object (168)'
Adding permission 'Permission object (169)'
Adding permission 'Permission object (170)'
Adding permission 'Permission object (171)'
Adding permission 'Permission object (172)'
Adding permission 'Permission object (173)'
Adding permission 'Permission object (174)'
Adding permission 'Permission object (175)'
Adding permission 'Permission object (176)'
Adding permission 'Permission object (177)'
Adding permission 'Permission object (178)'
Adding permission 'Permission object (179)'
Adding permission 'Permission object (180)'
Adding permission 'Permission object (181)'
Adding permission 'Permission object (182)'
Adding permission 'Permission object (183)'
Adding permission 'Permission object (184)'
Adding permission 'Permission object (185)'
Adding permission 'Permission object (186)'
Adding permission 'Permission object (187)'
Adding permission 'Permission object (188)'
Adding permission 'Permission object (189)'
Adding permission 'Permission object (190)'
Adding permission 'Permission object (191)'
Adding permission 'Permission object (192)'
Adding permission 'Permission object (193)'
Adding permission 'Permission object (194)'
Adding permission 'Permission object (195)'
Adding permission 'Permission object (196)'
Adding permission 'Permission object (197)'
Adding permission 'Permission object (198)'
Adding permission 'Permission object (199)'
Adding permission 'Permission object (200)'
Adding permission 'Permission object (201)'
Adding permission 'Permission object (202)'
Adding permission 'Permission object (203)'
Adding permission 'Permission object (204)'
Adding permission 'Permission object (205)'
Adding permission 'Permission object (206)'
Adding permission 'Permission object (207)'
Adding permission 'Permission object (208)'
Adding permission 'Permission object (209)'
Adding permission 'Permission object (210)'
Adding permission 'Permission object (211)'
Adding permission 'Permission object (212)'
Adding permission 'Permission object (213)'
Adding permission 'Permission object (214)'
Adding permission 'Permission object (215)'
Adding permission 'Permission object (216)'
Adding permission 'Permission object (217)'
Adding permission 'Permission object (218)'
Adding permission 'Permission object (219)'
Adding permission 'Permission object (220)'
Adding permission 'Permission object (221)'
Adding permission 'Permission object (222)'
Adding permission 'Permission object (223)'
Adding permission 'Permission object (224)'
Adding permission 'Permission object (225)'
Adding permission 'Permission object (226)'
Adding permission 'Permission object (227)'
Adding permission 'Permission object (228)'
Running post-migrate handlers for application education_students
Adding content type 'education_students | student'
Adding permission 'Permission object (229)'
Adding permission 'Permission object (230)'
Adding permission 'Permission object (231)'
Adding permission 'Permission object (232)'
Running post-migrate handlers for application education_attendance
Adding content type 'education_attendance | attendancerecord'
Adding permission 'Permission object (233)'
Adding permission 'Permission object (234)'
Adding permission 'Permission object (235)'
Adding permission 'Permission object (236)'
Running post-migrate handlers for application education_exams
Adding content type 'education_exams | exam'
Adding content type 'education_exams | examresult'
Adding permission 'Permission object (237)'
Adding permission 'Permission object (238)'
Adding permission 'Permission object (239)'
Adding permission 'Permission object (240)'
Adding permission 'Permission object (241)'
Adding permission 'Permission object (242)'
Adding permission 'Permission object (243)'
Adding permission 'Permission object (244)'
Running post-migrate handlers for application education_finance
Adding content type 'education_finance | feestructure'
Adding content type 'education_finance | financesettings'
Adding content type 'education_finance | installmentplan'
Adding content type 'education_finance | invoice'
Adding content type 'education_finance | latefeerule'
Adding content type 'education_finance | payment'
Adding content type 'education_finance | paymentgatewayconfig'
Adding content type 'education_finance | paymenttransaction'
Adding content type 'education_finance | scholarship'
Adding content type 'education_finance | studentscholarship'
Adding content type 'education_finance | transactionlog'
Adding permission 'Permission object (245)'
Adding permission 'Permission object (246)'
Adding permission 'Permission object (247)'
Adding permission 'Permission object (248)'
Adding permission 'Permission object (249)'
Adding permission 'Permission object (250)'
Adding permission 'Permission object (251)'
Adding permission 'Permission object (252)'
Adding permission 'Permission object (253)'
Adding permission 'Permission object (254)'
Adding permission 'Permission object (255)'
Adding permission 'Permission object (256)'
Adding permission 'Permission object (257)'
Adding permission 'Permission object (258)'
Adding permission 'Permission object (259)'
Adding permission 'Permission object (260)'
Adding permission 'Permission object (261)'
Adding permission 'Permission object (262)'
Adding permission 'Permission object (263)'
Adding permission 'Permission object (264)'
Adding permission 'Permission object (265)'
Adding permission 'Permission object (266)'
Adding permission 'Permission object (267)'
Adding permission 'Permission object (268)'
Adding permission 'Permission object (269)'
Adding permission 'Permission object (270)'
Adding permission 'Permission object (271)'
Adding permission 'Permission object (272)'
Adding permission 'Permission object (273)'
Adding permission 'Permission object (274)'
Adding permission 'Permission object (275)'
Adding permission 'Permission object (276)'
Adding permission 'Permission object (277)'
Adding permission 'Permission object (278)'
Adding permission 'Permission object (279)'
Adding permission 'Permission object (280)'
Adding permission 'Permission object (281)'
Adding permission 'Permission object (282)'
Adding permission 'Permission object (283)'
Adding permission 'Permission object (284)'
Adding permission 'Permission object (285)'
Adding permission 'Permission object (286)'
Adding permission 'Permission object (287)'
Adding permission 'Permission object (288)'
Running post-migrate handlers for application education_admissions
Adding content type 'education_admissions | applicant'
Adding content type 'education_admissions | application'
Adding permission 'Permission object (289)'
Adding permission 'Permission object (290)'
Adding permission 'Permission object (291)'
Adding permission 'Permission object (292)'
Adding permission 'Permission object (293)'
Adding permission 'Permission object (294)'
Adding permission 'Permission object (295)'
Adding permission 'Permission object (296)'
Running post-migrate handlers for application education_communication
Adding content type 'education_communication | autotrigger'
Adding content type 'education_communication | message'
Adding content type 'education_communication | messagetemplate'
Adding content type 'education_communication | notification'
Adding content type 'education_communication | whatsappconfig'
Adding permission 'Permission object (297)'
Adding permission 'Permission object (298)'
Adding permission 'Permission object (299)'
Adding permission 'Permission object (300)'
Adding permission 'Permission object (301)'
Adding permission 'Permission object (302)'
Adding permission 'Permission object (303)'
Adding permission 'Permission object (304)'
Adding permission 'Permission object (305)'
Adding permission 'Permission object (306)'
Adding permission 'Permission object (307)'
Adding permission 'Permission object (308)'
Adding permission 'Permission object (309)'
Adding permission 'Permission object (310)'
Adding permission 'Permission object (311)'
Adding permission 'Permission object (312)'
Adding permission 'Permission object (313)'
Adding permission 'Permission object (314)'
Adding permission 'Permission object (315)'
Adding permission 'Permission object (316)'
Running post-migrate handlers for application analytics
Adding content type 'analytics | academicprediction'
Adding content type 'analytics | recommendation'
Adding content type 'analytics | studentrisk'
Adding permission 'Permission object (317)'
Adding permission 'Permission object (318)'
Adding permission 'Permission object (319)'
Adding permission 'Permission object (320)'
Adding permission 'Permission object (321)'
Adding permission 'Permission object (322)'
Adding permission 'Permission object (323)'
Adding permission 'Permission object (324)'
Adding permission 'Permission object (325)'
Adding permission 'Permission object (326)'
Adding permission 'Permission object (327)'
Adding permission 'Permission object (328)'
---------------------------- Captured stderr setup ----------------------------
Creating test database for alias 'default' ('test_test_erp_db')...

------------------------------ Captured log call ------------------------------
WARNING  erp.db.slow_query:monitoring.py:61 Slow query detected
WARNING  django.request:log.py:249 Unauthorized: /api/v1/health/live/
============================== warnings summary ===============================
C:\Users\wwwco\AppData\Roaming\Python\Python312\site-packages\pytz\tzinfo.py:27
  C:\Users\wwwco\AppData\Roaming\Python\Python312\site-packages\pytz\tzinfo.py:27: DeprecationWarning: datetime.datetime.utcfromtimestamp() is deprecated and scheduled for removal in a future version. Use timezone-aware objects to represent datetimes in UTC: datetime.datetime.fromtimestamp(timestamp, datetime.UTC).
    _epoch = datetime.utcfromtimestamp(0)

-- Docs: https://docs.pytest.org/en/stable/how-to/capture-warnings.html

---------- coverage: platform win32, python 3.12.6-final-0 -----------
Name                                                   Stmts   Miss  Cover   Missing
------------------------------------------------------------------------------------
auth_api\__init__.py                                       0      0   100%
auth_api\admin.py                                          1      1     0%   1
auth_api\apps.py                                           5      5     0%   1-6
auth_api\models.py                                         1      1     0%   1
auth_api\serializers.py                                   12     12     0%   1-15
auth_api\urls.py                                           3      3     0%   1-4
auth_api\views.py                                        107    107     0%   1-174
services\analytics\engine.py                              89     80    10%   9-12, 16-65, 73-98, 102-124, 128-157
services\analytics\models.py                              35      3    91%   22, 33, 53
services\analytics\urls.py                                 3      0   100%
services\analytics\views.py                              142    112    21%   19-62, 68-94, 104-145, 149-175, 185-215, 226-250, 258-298, 307-323, 332-347, 358-405
services\communication\__init__.py                         2      0   100%
services\communication\models.py                           2      2     0%   3-5
services\communication\whatsapp\__init__.py                4      0   100%
services\communication\whatsapp\service.py                82     58    29%   27-28, 31-50, 54, 57-59, 65-72, 90, 101-117, 120-122, 130-147, 154-157
services\communication\whatsapp\tasks.py                  43     33    23%   14-48, 53-59
services\communication\whatsapp\urls.py                    3      0   100%
services\communication\whatsapp\views.py                  70     48    31%   21, 24-31, 34-39, 42-79, 86-104
services\core\accounts\__init__.py                         0      0   100%
services\core\accounts\admin.py                            7      0   100%
services\core\accounts\apps.py                             8      0   100%
services\core\accounts\audit_models.py                    31     10    68%   32, 43-63
services\core\accounts\decorators.py                     153    128    16%   8-10, 14-36, 40, 44, 48, 52, 56, 60, 64-66, 70-72, 76-87, 91, 95-104, 108-120, 124-134, 138-147, 151-160, 164-171, 175-184, 188-197, 201
services\core\accounts\firebase_auth.py                  149    118    21%   32-49, 55-63, 66, 75-86, 92-112, 118-136, 142-181, 187-217, 221, 234-235, 241-246, 252-264
services\core\accounts\firebase_views.py                  55     31    44%   47-76, 87-94, 98-112, 130-155, 168-170
services\core\accounts\middleware.py                      15      4    73%   14-15, 24-25
services\core\accounts\models.py                         285     67    76%   19-26, 29-38, 142, 145-147, 150-156, 159-162, 165-169, 172-175, 178-179, 182-185, 188-192, 195-198, 201-206, 227, 243, 260, 302, 383, 402
services\core\accounts\permissions.py                     20      6    70%   7, 12, 17, 22, 27, 32
services\core\accounts\serializers.py                     37     11    70%   35-46, 49-51
services\core\accounts\teacher_views.py                   72     52    28%   14-28, 40-55, 67-99, 109-142
services\core\accounts\tenant_models.py                   17      1    94%   17
services\core\accounts\urls.py                             7      0   100%
services\core\accounts\views.py                          495    387    22%   29-91, 95-102, 108-109, 122-123, 126, 135-136, 139, 142-145, 153-154, 157-158, 167-168, 171-172, 179-218, 225-226, 233-238, 244-247, 258-316, 322-335, 350-387, 393-412, 422-439, 445-456, 466-479, 490-512, 519-540, 547-571, 578-620, 627-655, 662-702, 710-902
services\core\accounts\views_auth.py                      68     50    26%   17-53, 63-120, 130-135
services\core\audit\__init__.py                            1      0   100%
services\core\audit\admin.py                              27     13    52%   15-26, 32-34
services\core\audit\apps.py                                9      2    78%   12-13
services\core\audit\middleware.py                         26     15    42%   14, 17-41
services\core\audit\models.py                             20      1    95%   40
services\core\audit\signals.py                           110     82    25%   14-26, 31-50, 55-63, 78-84, 92-137, 143-173, 182-196, 201-203
services\core\audit\urls.py                                3      0   100%
services\core\audit\views.py                              33     20    39%   14-22, 46-71
services\core\backup\__init__.py                           2      0   100%
services\core\backup\admin.py                             14      0   100%
services\core\backup\apps.py                               8      0   100%
services\core\backup\management\__init__.py                0      0   100%
services\core\backup\metrics.py                            3      1    67%   6
services\core\backup\models.py                           113     29    74%   107, 111-117, 121-126, 130-135, 139-141, 145-147, 246, 250, 315
services\core\db\__init__.py                               0      0   100%
services\core\db\apps.py                                   9      0   100%
services\core\db\archive_models.py                        57      0   100%
services\core\db\management\__init__.py                    0      0   100%
services\core\db\models.py                                 2      0   100%
services\core\db\monitoring.py                            67     23    66%   35-36, 70, 81, 88-115, 120-135, 140
services\core\db\softdelete.py                            32     11    66%   11, 14, 17, 20, 30, 33, 46-47, 50-51, 54
services\core\events\dispatcher.py                        12      7    42%   19-27
services\core\features\__init__.py                         0      0   100%
services\core\features\admin.py                           10      0   100%
services\core\features\apps.py                             8      0   100%
services\core\features\middleware.py                      36     12    67%   57, 61, 75, 80-85, 89-92
services\core\features\models.py                          22      3    86%   60-62
services\core\features\serializers.py                     25      6    76%   30, 41-45
services\core\features\services.py                        68     28    59%   19, 25, 31, 38-44, 48-51, 60-63, 67-71, 79-82, 98
services\core\features\signals.py                          8      1    88%   11
services\core\features\urls.py                             3      0   100%
services\core\features\views.py                           56     34    39%   19-21, 28-32, 41-50, 57-82
services\core\health\__init__.py                           0      0   100%
services\core\health\urls.py                               4      0   100%
services\core\health\utils.py                             51     41    20%   12-21, 29-46, 54-74, 82-91, 96-114
services\core\health\views.py                             23     11    52%   18-23, 32-38, 50, 59-60
services\core\signals\__init__.py                          0      0   100%
services\core\signals\cache_invalidation.py               24      7    71%   19-21, 25-28
services\core\storage\__init__.py                          0      0   100%
services\core\storage\apps.py                              6      0   100%
services\core\storage\backends.py                         57     32    44%   17-25, 38-40, 57-59, 80-82, 99-132, 136-143
services\core\storage\models.py                           21      1    95%   41
services\core\storage\permissions.py                      57     50    12%   17-45, 49-65, 69-80, 85-102
services\core\storage\storage.py                          59     38    36%   36-37, 52-75, 85-110, 121-122, 141-144, 158-164, 167-169, 179-181, 191
services\core\storage\urls.py                              3      0   100%
services\core\storage\utils.py                           125     86    31%   51-63, 67-68, 72, 76, 80-81, 85-86, 90, 100-126, 140-171, 179-198, 202-206
services\core\storage\views.py                            69     46    33%   26-76, 83-90, 101-112
services\core\tenants\__init__.py                          0      0   100%
services\core\tenants\admin.py                            11      0   100%
services\core\tenants\apps.py                              6      0   100%
services\core\tenants\context.py                          11      3    73%   15, 19, 24
services\core\tenants\middleware.py                       29      5    83%   41-42, 48, 51-52
services\core\tenants\models.py                           61     20    67%   67, 70-73, 76-79, 82-97, 135
services\core\tenants\scoping.py                          26     20    23%   12-26, 30, 34-37
services\core\tenants\serializers.py                      14      0   100%
services\core\tenants\urls.py                              3      0   100%
services\core\tenants\utils.py                            52     26    50%   14, 18, 20-22, 25, 33-37, 47, 51-59, 63-64, 68-72, 78, 86-94
services\core\tenants\views.py                            54     35    35%   14-17, 23-32, 42-65, 75-81
services\core\user_notifications\apps.py                   6      0   100%
services\core\user_notifications\models.py                19      1    95%   47
services\core\user_notifications\serializers.py            6      0   100%
services\core\user_notifications\signals.py               17      8    53%   12-16, 27-39
services\core\user_notifications\urls.py                   3      0   100%
services\core\user_notifications\views.py                 30     12    60%   12, 18-24, 30-31, 37-38
services\core\utils\__init__.py                            5      0   100%
services\core\utils\cache.py                             187    119    36%   46-47, 51-52, 56, 60-61, 65, 77-78, 86-87, 91-92, 96-105, 110-117, 122, 127, 131, 135, 139-141, 146-153, 168-194, 203, 208, 222-229, 232-244, 252-286, 291-296
services\core\utils\filters.py                            23     19    17%   6-14, 18-31
services\core\utils\pagination.py                          9      1    89%   12
services\core\utils\response.py                           27     20    26%   6, 18, 33-72
services\education\academics\__init__.py                   0      0   100%
services\education\academics\admin.py                     25      0   100%
services\education\academics\apps.py                       8      0   100%
services\education\academics\management\__init__.py        0      0   100%
services\education\academics\models.py                   343     26    92%   13, 36, 58, 74, 91, 107, 123, 142, 161, 179, 197, 214, 245, 274, 294, 322, 340, 359, 393, 423, 449, 476, 500, 517-518, 540
services\education\academics\serializers.py              134      0   100%
services\education\academics\urls.py                       3      0   100%
services\education\academics\views.py                    261     26    90%   85-86, 331-333, 339-341, 351-362, 377-388
services\education\admissions\__init__.py                  0      0   100%
services\education\admissions\admin.py                    14      0   100%
services\education\admissions\apps.py                      8      0   100%
services\education\admissions\models.py                   63     11    83%   33, 65-74, 77
services\education\admissions\serializers.py              20      6    70%   20-25
services\education\admissions\urls.py                      3      0   100%
services\education\admissions\views.py                    88     51    42%   33-37, 40-44, 58-74, 81-153
services\education\attendance\__init__.py                  0      0   100%
services\education\attendance\admin.py                     8      0   100%
services\education\attendance\apps.py                      8      0   100%
services\education\attendance\calendar.py                 29     21    28%   11-17, 21, 26, 30-32, 37-45
services\education\attendance\management\__init__.py       0      0   100%
services\education\attendance\models.py                   20      1    95%   58
services\education\attendance\serializers.py               8      0   100%
services\education\attendance\services.py                137    119    13%   26-31, 44-84, 88-93, 104-140, 150-185, 189-192, 196-199, 218-278
services\education\attendance\signals.py                  42     34    19%   9-64, 70-73
services\education\attendance\urls.py                      3      0   100%
services\education\attendance\views.py                    90     50    44%   4-12, 48-78, 81, 84, 94, 101-105, 120-135
services\education\communication\__init__.py               0      0   100%
services\education\communication\admin.py                 25      0   100%
services\education\communication\apps.py                   8      0   100%
services\education\communication\models.py                79     12    85%   25, 40, 53-59, 62, 76, 90
services\education\communication\signals.py               46     40    13%   10-57
services\education\exams\__init__.py                       1      0   100%
services\education\exams\admin.py                         14      0   100%
services\education\exams\apps.py                           8      0   100%
services\education\exams\management\__init__.py            0      0   100%
services\education\exams\models.py                        84     36    57%   54-63, 66, 106-134, 137
services\education\exams\serializers.py                   19      0   100%
services\education\exams\signals.py                       37     25    32%   12-28, 33-60, 65-68
services\education\exams\urls.py                           3      0   100%
services\education\exams\views.py                        107     70    35%   28-33, 48-77, 84-108, 115-122, 129-165, 172-195
services\education\finance\__init__.py                     0      0   100%
services\education\finance\admin.py                       28      0   100%
services\education\finance\apps.py                         8      0   100%
services\education\finance\management\__init__.py          0      0   100%
services\education\finance\models.py                     282     96    66%   22, 73-81, 86-88, 93, 97-135, 139-147, 151-190, 193, 217-246, 249, 275, 305, 328, 354-356, 373, 398, 427, 475
services\education\finance\payments\__init__.py            2      0   100%
services\education\finance\payments\gateways.py           98     79    19%   14, 18, 22, 26-30, 34-36, 50-60, 64-70, 79-108, 112-127, 131-172
services\education\finance\serializers.py                 88     12    86%   39, 63, 93-113
services\education\finance\signals.py                     41     24    41%   11-24, 30-31, 48-72, 89-90, 107, 123
services\education\finance\urls.py                         3      0   100%
services\education\finance\views.py                      725    544    25%   63-79, 82, 92-94, 101-148, 151-154, 167-179, 186-214, 218-241, 251-269, 303-307, 335-348, 355-366, 392-405, 412-443, 450-467, 475-511, 519-531, 539-585, 592-628, 635-689, 696-823, 830-924, 931-1053, 1060-1088, 1095-1113, 1124-1153, 1160-1203, 1214-1239, 1246-1260, 1269-1327, 1334-1391, 1398-1462, 1469-1528, 1536-1538, 1550-1553
services\education\students\__init__.py                    0      0   100%
services\education\students\admin.py                       9      0   100%
services\education\students\apps.py                        9      0   100%
services\education\students\management\__init__.py         0      0   100%
services\education\students\middleware.py                 20     14    30%   10-25
services\education\students\models.py                     42      6    86%   69, 74-78
services\education\students\serializers.py                15      5    67%   18-22
services\education\students\urls.py                        3      0   100%
services\education\students\views.py                     105     61    42%   36-46, 49-52, 62-63, 70-77, 84-110, 117-127, 134-144
services\education\urls.py                                 2      0   100%
services\pdf\__init__.py                                   0      0   100%
services\pdf\pdf_generator.py                             71     71     0%   1-153
services\rbac_models\__init__.py                           0      0   100%
services\rbac_models\admin.py                              8      0   100%
services\rbac_models\apps.py                               4      0   100%
services\rbac_models\models.py                            24      1    96%   38
services\rbac_models\views.py                              1      1     0%   1
------------------------------------------------------------------------------------
TOTAL                                                   7239   3661    49%
Coverage HTML written to dir htmlcov

=========================== short test summary info ===========================
FAILED tests/integration/test_api_integration.py::test_live_health_endpoint
!!!!!!!!!!!!!!!!!!!!!!!!!! stopping after 1 failures !!!!!!!!!!!!!!!!!!!!!!!!!!
======================== 1 failed, 1 warning in 13.23s ========================
